2023-07-09 20:44:44.0378 [DEBUG] [1] Main - Hello
2023-07-09 20:44:44.0378 [DEBUG] [1] Main - NullAttr
2023-07-09 20:44:44.0378 [DEBUG] [1] Main - NullAttr
2023-07-09 20:44:44.0378 [DEBUG] [1] Main - NullAttr
2023-07-09 20:44:44.0378 [DEBUG] [1] Main - NullAttr
2023-07-09 20:44:44.0378 [DEBUG] [1] Main - NullAttr
2023-07-09 20:44:44.0378 [DEBUG] [1] Main - NullAttr
2023-07-09 20:44:44.0378 [DEBUG] [1] Main - NullAttr
2023-07-09 20:44:44.0378 [DEBUG] [1] Main - NullAttr
2023-07-09 20:44:44.0378 [DEBUG] [1] Main - NullAttr
2023-07-09 20:44:44.0378 [DEBUG] [1] Main - NullAttr
2023-07-09 20:44:44.0378 [DEBUG] [1] Main - NullAttr
2023-07-09 20:44:44.0378 [DEBUG] [1] Main - NullAttr
2023-07-09 20:44:44.0378 [DEBUG] [1] Main - NullAttr
2023-07-09 20:44:44.0378 [DEBUG] [1] Main - NullAttr
2023-07-09 20:44:44.0378 [DEBUG] [1] Main - LOGIN
2023-07-09 20:44:44.0378 [DEBUG] [1] Main - NullAttr
2023-07-09 20:44:44.0378 [DEBUG] [1] Main - NullAttr
2023-07-09 20:44:44.0378 [DEBUG] [1] Main - NullAttr
2023-07-09 20:44:44.0378 [DEBUG] [1] Main - NullAttr
2023-07-09 20:44:44.0378 [DEBUG] [1] Main - NullAttr
2023-07-09 20:44:44.0378 [DEBUG] [1] Main - NullAttr
2023-07-09 20:44:44.0378 [DEBUG] [1] Main - NullAttr
2023-07-09 20:44:44.0378 [DEBUG] [1] Main - NullAttr
2023-07-09 20:44:44.0378 [DEBUG] [1] Main - NullAttr
2023-07-09 20:52:29.9499 [DEBUG] [1] Main - Hello
2023-07-09 20:52:29.9499 [DEBUG] [1] Main - EmbeddedAttributeNullAttr
2023-07-09 20:52:29.9499 [DEBUG] [1] Main - NullableAttributeNullAttr
2023-07-09 20:52:29.9499 [DEBUG] [1] Main - NullableContextAttributeNullAttr
2023-07-09 20:52:29.9499 [DEBUG] [1] Main - RefSafetyRulesAttributeNullAttr
2023-07-09 20:52:29.9499 [DEBUG] [1] Main - ChatNullAttr
2023-07-09 20:52:29.9499 [DEBUG] [1] Main - InitNullAttr
2023-07-09 20:52:29.9499 [DEBUG] [1] Main - ProgramNullAttr
2023-07-09 20:52:29.9499 [DEBUG] [1] Main - TestServiceNullAttr
2023-07-09 20:52:29.9499 [DEBUG] [1] Main - LoginServiceNullAttr
2023-07-09 20:52:29.9499 [DEBUG] [1] Main - IdServiceNullAttr
2023-07-09 20:52:29.9499 [DEBUG] [1] Main - RpcModuleNullAttr
2023-07-09 20:52:29.9499 [DEBUG] [1] Main - MessageRouteNullAttr
2023-07-09 20:52:29.9499 [DEBUG] [1] Main - NLoggerNullAttr
2023-07-09 20:52:29.9499 [DEBUG] [1] Main - Handler`2NullAttr
2023-07-09 20:52:29.9584 [DEBUG] [1] Main - LoginHandlerLOGIN
2023-07-09 20:52:29.9584 [DEBUG] [1] Main - IChannelNullAttr
2023-07-09 20:52:29.9584 [DEBUG] [1] Main - WsChannelNullAttr
2023-07-09 20:52:29.9584 [DEBUG] [1] Main - <>ONullAttr
2023-07-09 20:52:29.9584 [DEBUG] [1] Main - <>cNullAttr
2023-07-09 20:52:29.9584 [DEBUG] [1] Main - <>cNullAttr
2023-07-09 20:52:29.9584 [DEBUG] [1] Main - <>c__DisplayClass0_0NullAttr
2023-07-09 20:52:29.9584 [DEBUG] [1] Main - <StartAsync>d__16NullAttr
2023-07-09 20:52:29.9584 [DEBUG] [1] Main - <Run>d__0NullAttr
2023-07-09 20:52:29.9584 [DEBUG] [1] Main - <Run>d__0NullAttr
2023-07-09 20:52:43.8361 [DEBUG] [1] Main - Hello
2023-07-09 20:52:43.8361 [DEBUG] [1] Main - EmbeddedAttribute-NullAttr
2023-07-09 20:52:43.8361 [DEBUG] [1] Main - NullableAttribute-NullAttr
2023-07-09 20:52:43.8361 [DEBUG] [1] Main - NullableContextAttribute-NullAttr
2023-07-09 20:52:43.8361 [DEBUG] [1] Main - RefSafetyRulesAttribute-NullAttr
2023-07-09 20:52:43.8361 [DEBUG] [1] Main - Chat-NullAttr
2023-07-09 20:52:43.8361 [DEBUG] [1] Main - Init-NullAttr
2023-07-09 20:52:43.8361 [DEBUG] [1] Main - Program-NullAttr
2023-07-09 20:52:43.8361 [DEBUG] [1] Main - TestService-NullAttr
2023-07-09 20:52:43.8361 [DEBUG] [1] Main - LoginService-NullAttr
2023-07-09 20:52:43.8361 [DEBUG] [1] Main - IdService-NullAttr
2023-07-09 20:52:43.8361 [DEBUG] [1] Main - RpcModule-NullAttr
2023-07-09 20:52:43.8361 [DEBUG] [1] Main - MessageRoute-NullAttr
2023-07-09 20:52:43.8361 [DEBUG] [1] Main - NLogger-NullAttr
2023-07-09 20:52:43.8361 [DEBUG] [1] Main - Handler`2-NullAttr
2023-07-09 20:52:43.8361 [DEBUG] [1] Main - LoginHandler-LOGIN
2023-07-09 20:52:43.8361 [DEBUG] [1] Main - IChannel-NullAttr
2023-07-09 20:52:43.8361 [DEBUG] [1] Main - WsChannel-NullAttr
2023-07-09 20:52:43.8361 [DEBUG] [1] Main - <>O-NullAttr
2023-07-09 20:52:43.8361 [DEBUG] [1] Main - <>c-NullAttr
2023-07-09 20:52:43.8361 [DEBUG] [1] Main - <>c-NullAttr
2023-07-09 20:52:43.8361 [DEBUG] [1] Main - <>c__DisplayClass0_0-NullAttr
2023-07-09 20:52:43.8361 [DEBUG] [1] Main - <StartAsync>d__16-NullAttr
2023-07-09 20:52:43.8361 [DEBUG] [1] Main - <Run>d__0-NullAttr
2023-07-09 20:52:43.8361 [DEBUG] [1] Main - <Run>d__0-NullAttr
2023-07-09 22:12:26.3790 [DEBUG] [1] Main - Hello
2023-07-09 22:12:26.4089 [ERROR] [1] Main - System.NullReferenceException: Object reference not set to an instance of an object.
   at Service.Message.MessageService.Start() in C:\dev\lacg\server\GameServer\Service\Message\MessageService.cs:line 28
   at Module.Shared.Global.Start() in C:\dev\lacg\client\Assets\Scripts\Module\Shared\Global.cs:line 51
   at Init.Start() in C:\dev\lacg\server\GameServer\Init.cs:line 33
   at Program.Main(String[] args) in C:\dev\lacg\server\GameServer\Program.cs:line 183
   at Init.<>c.<Start>b__0_0(Object sender, UnhandledExceptionEventArgs e) in C:\dev\lacg\server\GameServer\Init.cs:line 18
   at Service.Message.MessageService.Start() in C:\dev\lacg\server\GameServer\Service\Message\MessageService.cs:line 28
   at Module.Shared.Global.Start() in C:\dev\lacg\client\Assets\Scripts\Module\Shared\Global.cs:line 51
   at Init.Start() in C:\dev\lacg\server\GameServer\Init.cs:line 33
   at Program.Main(String[] args) in C:\dev\lacg\server\GameServer\Program.cs:line 183

2023-07-09 22:12:50.3783 [DEBUG] [1] Main - Hello
2023-07-09 22:13:46.0632 [DEBUG] [1] Main - Hello
2023-07-10 01:28:16.2796 [DEBUG] [1] Main - Hello
2023-07-10 01:34:21.2637 [DEBUG] [1] Main - Hello
2023-07-10 01:47:46.2634 [DEBUG] [1] Main - Hello
2023-07-10 01:50:04.1178 [DEBUG] [1] Main - Hello
2023-07-10 01:51:39.1206 [DEBUG] [1] Main - Hello
2023-07-10 01:53:58.4955 [DEBUG] [1] Main - Hello
2023-07-10 21:13:58.3386 [DEBUG] [1] Main - Hello
2023-07-10 21:14:46.1496 [DEBUG] [1] Main - Hello
2023-07-10 21:31:11.1002 [DEBUG] [1] Main - Hello
